<?xml version="1.0" encoding="UTF-8"?>
<!-- Generated by org.testng.reporters.JUnitReportReporter -->
<testsuite hostname="DESKTOP-CGQBSH3" failures="0" tests="1" name="testcases.VerifyDashboardElements" time="6.534" errors="0" timestamp="2024-12-21T22:33:20 IST" skipped="0">
  <testcase classname="testcases.VerifyDashboardElements" name="verifyDashboardElements" time="6.534"/>
  <system-out/>
</testsuite> <!-- testcases.VerifyDashboardElements -->
