<?xml version="1.0" encoding="UTF-8"?>
<!-- Generated by org.testng.reporters.JUnitReportReporter -->
<testsuite hostname="DESKTOP-CGQBSH3" failures="0" tests="2" name="testcases.LoginPage" time="49.509" errors="0" timestamp="2024-12-21T01:31:34 IST" skipped="0">
  <testcase classname="testcases.LoginPage" name="validLoginTest" time="44.849"/>
  <testcase classname="testcases.LoginPage" name="validLoginTest" time="4.660"/>
</testsuite> <!-- testcases.LoginPage -->
